"../../../Engine/Content/EngineMeshes/Humanoid.uasset" 0
"D:/Storage/Unreal Engine 4/Games/SpaceRaiders/SpaceRaiders/Content/Characters/Meshes/SK_RegChar.uasset" 1
"D:/Storage/Unreal Engine 4/Games/SpaceRaiders/SpaceRaiders/Content/Characters/Animations/Armed/Pistol/Crouch/Armed_Pistol_Crouch_Fire_Single.uasset" 2
"D:/Storage/Unreal Engine 4/Games/SpaceRaiders/SpaceRaiders/Content/Characters/Animations/Armed/Pistol/Crouch/Armed_Pistol_Crouch_WalkF.uasset" 3
"D:/Storage/Unreal Engine 4/Games/SpaceRaiders/SpaceRaiders/Content/Characters/Animations/Armed/Pistol/General/Holster_Pistol.uasset" 4
"D:/Storage/Unreal Engine 4/Games/SpaceRaiders/SpaceRaiders/Content/Characters/Animations/Armed/Pistol/Holstering/PistolAim4UE4New.uasset" 5
"D:/Storage/Unreal Engine 4/Games/SpaceRaiders/SpaceRaiders/Content/Characters/Animations/Armed/Pistol/Jumping/Armed_Pistol_Jumping_Falling.uasset" 6
"D:/Storage/Unreal Engine 4/Games/SpaceRaiders/SpaceRaiders/Content/Characters/Animations/Armed/Pistol/Jumping/Armed_Pistol_Jumping_Start.uasset" 7
"D:/Storage/Unreal Engine 4/Games/SpaceRaiders/SpaceRaiders/Content/Characters/Animations/Armed/Pistol/Jumping/W1_Jog_Aim_F_Jump_RU_End_IPC.uasset" 8
"D:/Storage/Unreal Engine 4/Games/SpaceRaiders/SpaceRaiders/Content/Characters/Animations/Armed/Pistol/Jumping/W1_Stand_Aim_Jump_End_IPC.uasset" 9
"D:/Storage/Unreal Engine 4/Games/SpaceRaiders/SpaceRaiders/Content/Characters/Animations/Armed/Pistol/Jumping/W1_Walk_Aim_F_Jump_RU_End_IPC.uasset" 10
"D:/Storage/Unreal Engine 4/Games/SpaceRaiders/SpaceRaiders/Content/Characters/Animations/Armed/Pistol/Standing/Armed_Pistol_Standing_AimJogging_F.uasset" 11
"D:/Storage/Unreal Engine 4/Games/SpaceRaiders/SpaceRaiders/Content/Characters/Animations/Armed/Pistol/Standing/Armed_Pistol_Standing_AimWalking_F.uasset" 12
"D:/Storage/Unreal Engine 4/Games/SpaceRaiders/SpaceRaiders/Content/Characters/Animations/Armed/Pistol/Standing/Armed_Pistol_Standing_Aim_TurnInPlace_L.uasset" 13
"D:/Storage/Unreal Engine 4/Games/SpaceRaiders/SpaceRaiders/Content/Characters/Animations/Armed/Pistol/Standing/Armed_Pistol_Standing_Aim_TurnInPlace_R.uasset" 14
"../../../Engine/Content/EditorBlueprintResources/StandardMacros.uasset" 15
"D:/Storage/Unreal Engine 4/Games/SpaceRaiders/SpaceRaiders/Content/Sound/SFX/Character/FootSteps/Blueprints/FootstepType.uasset" 16
"D:/Storage/Unreal Engine 4/Games/SpaceRaiders/SpaceRaiders/Content/Sound/SFX/Character/FootSteps/Footstep_Cue.uasset" 17
"D:/Storage/Unreal Engine 4/Games/SpaceRaiders/SpaceRaiders/Content/Sound/SFX/Character/FootSteps/Blueprints/Footstep_AnimNotify.uasset" 18
"D:/Storage/Unreal Engine 4/Games/SpaceRaiders/SpaceRaiders/Content/Characters/Animations/Unarmed/Stand/Jog/Unarmed_Stand_Jog_B.uasset" 19
"D:/Storage/Unreal Engine 4/Games/SpaceRaiders/SpaceRaiders/Content/Characters/Animations/Unarmed/Stand/Jog/Unarmed_Stand_Jog_BL.uasset" 20
"D:/Storage/Unreal Engine 4/Games/SpaceRaiders/SpaceRaiders/Content/Characters/Animations/Unarmed/Stand/Jog/Unarmed_Stand_Jog_BR.uasset" 21
"D:/Storage/Unreal Engine 4/Games/SpaceRaiders/SpaceRaiders/Content/Characters/Animations/Unarmed/Stand/Jog/Unarmed_Stand_Jog_F.uasset" 22
"D:/Storage/Unreal Engine 4/Games/SpaceRaiders/SpaceRaiders/Content/Characters/Animations/Unarmed/Stand/Jog/Unarmed_Stand_Jog_FL.uasset" 23
"D:/Storage/Unreal Engine 4/Games/SpaceRaiders/SpaceRaiders/Content/Characters/Animations/Unarmed/Stand/Jog/Unarmed_Stand_Jog_FR.uasset" 24
"D:/Storage/Unreal Engine 4/Games/SpaceRaiders/SpaceRaiders/Content/Characters/Animations/Unarmed/Stand/Jog/Unarmed_Stand_Jog_Idle_Additive.uasset" 25
"D:/Storage/Unreal Engine 4/Games/SpaceRaiders/SpaceRaiders/Content/Characters/Animations/Unarmed/Stand/Sprint/Unarmed_Stand_Sprint_F.uasset" 26
"D:/Storage/Unreal Engine 4/Games/SpaceRaiders/SpaceRaiders/Content/Characters/Animations/Armed/Pistol/Standing/BS_Armed_Standing_WalkRun.uasset" 27
"D:/Storage/Unreal Engine 4/Games/SpaceRaiders/SpaceRaiders/Content/Characters/Animations/Death/Death_1.uasset" 28
"D:/Storage/Unreal Engine 4/Games/SpaceRaiders/SpaceRaiders/Content/Characters/Animations/Death/Death_2.uasset" 29
"D:/Storage/Unreal Engine 4/Games/SpaceRaiders/SpaceRaiders/Content/Characters/Animations/Death/Death_Ironsights_1.uasset" 30
"D:/Storage/Unreal Engine 4/Games/SpaceRaiders/SpaceRaiders/Content/Characters/Animations/Death/Death_Ironsights_2.uasset" 31
"D:/Storage/Unreal Engine 4/Games/SpaceRaiders/SpaceRaiders/Content/Characters/Animations/InAir/Stand_InAir_HardLand.uasset" 32
"D:/Storage/Unreal Engine 4/Games/SpaceRaiders/SpaceRaiders/Content/Characters/Animations/InAir/Stand_InAir_Land_Additive.uasset" 33
"D:/Storage/Unreal Engine 4/Games/SpaceRaiders/SpaceRaiders/Content/Characters/Animations/InAir/Stand_InAir_Land.uasset" 34
"D:/Storage/Unreal Engine 4/Games/SpaceRaiders/SpaceRaiders/Content/Characters/Animations/InAir/Stand_InAir_Land_Additive_Old.uasset" 35
"D:/Storage/Unreal Engine 4/Games/SpaceRaiders/SpaceRaiders/Content/Characters/Animations/InAir/Stand_InAir_RollLandEdited.uasset" 36
"D:/Storage/Unreal Engine 4/Games/SpaceRaiders/SpaceRaiders/Content/Characters/Animations/InAir/Stand_InAir_RollLandNew.uasset" 37
"D:/Storage/Unreal Engine 4/Games/SpaceRaiders/SpaceRaiders/Content/Characters/Animations/Unarmed/Stand/Jog/Unarmed_Stand_Jog_Idle_Pose.uasset" 38
"D:/Storage/Unreal Engine 4/Games/SpaceRaiders/SpaceRaiders/Content/Characters/Animations/Unarmed/Stand/PickUp/Stand_PickUp_Gun_LowHeight1.uasset" 39
"D:/Storage/Unreal Engine 4/Games/SpaceRaiders/SpaceRaiders/Content/Characters/Animations/Unarmed/Stand/PickUp/Stand_PickUp_LowHeight_Lengthened.uasset" 40
"D:/Storage/Unreal Engine 4/Games/SpaceRaiders/SpaceRaiders/Content/Characters/Animations/Unarmed/Stand/PickUp/Stand_PickUp_LowHeight_Shortened.uasset" 41
"D:/Storage/Unreal Engine 4/Games/SpaceRaiders/SpaceRaiders/Content/Characters/Animations/Zombie/Zombie_Stand_Crawling.uasset" 42
"D:/Storage/Unreal Engine 4/Games/SpaceRaiders/SpaceRaiders/Content/Characters/Animations/Zombie/Zombie_Stand_Death1.uasset" 43
"D:/Storage/Unreal Engine 4/Games/SpaceRaiders/SpaceRaiders/Content/Characters/Animations/Zombie/Zombie_Stand_Eating.uasset" 44
"D:/Storage/Unreal Engine 4/Games/SpaceRaiders/SpaceRaiders/Content/Characters/Animations/Zombie/Zombie_Stand_GetUp.uasset" 45
"D:/Storage/Unreal Engine 4/Games/SpaceRaiders/SpaceRaiders/Content/Characters/Animations/Zombie/Zombie_Stand_HitReaction.uasset" 46
"D:/Storage/Unreal Engine 4/Games/SpaceRaiders/SpaceRaiders/Content/Characters/Animations/Zombie/Zombie_Stand_Idle_OnEdge.uasset" 47
"D:/Storage/Unreal Engine 4/Games/SpaceRaiders/SpaceRaiders/Content/Characters/Animations/Zombie/Zombie_Stand_NeckBite.uasset" 48
"D:/Storage/Unreal Engine 4/Games/SpaceRaiders/SpaceRaiders/Content/Characters/Animations/Zombie/Zombie_Stand_Scream.uasset" 49
"D:/Storage/Unreal Engine 4/Games/SpaceRaiders/SpaceRaiders/Content/Characters/Animations/Zombie/Zombie_Stand_SlamAttack.uasset" 50
"D:/Storage/Unreal Engine 4/Games/SpaceRaiders/SpaceRaiders/Content/Characters/Animations/Zombie/Zombie_Stand_TurnLeft.uasset" 51
"D:/Storage/Unreal Engine 4/Games/SpaceRaiders/SpaceRaiders/Content/Characters/Animations/Zombie/Zombie_Stand_TurnRight.uasset" 52
"D:/Storage/Unreal Engine 4/Games/SpaceRaiders/SpaceRaiders/Content/Characters/Blueprints/HumanAi/AIComponents/P_EQSTesting.uasset" 53
"D:/Storage/Unreal Engine 4/Games/SpaceRaiders/SpaceRaiders/Content/Characters/Blueprints/HumanAi/AIComponents/EQContext/EQC_BotSpawns.uasset" 54
"D:/Storage/Unreal Engine 4/Games/SpaceRaiders/SpaceRaiders/Content/Characters/Blueprints/HumanAi/AIComponents/Service/BTS_MoveToRandomReachableLocation.uasset" 55
"D:/Storage/Unreal Engine 4/Games/SpaceRaiders/SpaceRaiders/Content/Characters/Blueprints/HumanAi/AIComponents/Tasks/Task_HasArrivedAtLocation.uasset" 56
"D:/Storage/Unreal Engine 4/Games/SpaceRaiders/SpaceRaiders/Content/Characters/Blueprints/HumanAi/AIComponents/Tasks/Task_SetLastKnownLocation.uasset" 57
"D:/Storage/Unreal Engine 4/Games/SpaceRaiders/SpaceRaiders/Content/Characters/Animations/Zombie/Zombie_Stand_Idle_Relaxed.uasset" 58
"D:/Storage/Unreal Engine 4/Games/SpaceRaiders/SpaceRaiders/Content/Characters/Animations/Zombie/Zombie_Stand_Running.uasset" 59
"D:/Storage/Unreal Engine 4/Games/SpaceRaiders/SpaceRaiders/Content/Characters/Blueprints/Zombie/AnimBP_Zombie.uasset" 60
"D:/Storage/Unreal Engine 4/Games/SpaceRaiders/SpaceRaiders/Content/Master/Texture/Scifi/T_PolygonScifi_01_A.uasset" 61
"D:/Storage/Unreal Engine 4/Games/SpaceRaiders/SpaceRaiders/Content/Master/Texture/Scifi/T_PolygonScifi_Emissive_01.uasset" 62
"D:/Storage/Unreal Engine 4/Games/SpaceRaiders/SpaceRaiders/Content/Master/Texture/Scifi/T_PolygonSciFiCity_Texture_Metallic.uasset" 63
"D:/Storage/Unreal Engine 4/Games/SpaceRaiders/SpaceRaiders/Content/Master/Texture/Scifi/T_PolygonSciFiCity_Texture_Normal.uasset" 64
"D:/Storage/Unreal Engine 4/Games/SpaceRaiders/SpaceRaiders/Content/Master/Texture/Scifi/T_PolygonSciFiCity_Texture_Roughness.uasset" 65
"D:/Storage/Unreal Engine 4/Games/SpaceRaiders/SpaceRaiders/Content/Master/Material/Scifi/Mat_PolygonScifi_01_A.uasset" 66
"D:/Storage/Unreal Engine 4/Games/SpaceRaiders/SpaceRaiders/Content/Core/PhysicalMaterials/PhysMat_CharChest.uasset" 67
"D:/Storage/Unreal Engine 4/Games/SpaceRaiders/SpaceRaiders/Content/Core/PhysicalMaterials/PhysMat_CharDefault.uasset" 68
"D:/Storage/Unreal Engine 4/Games/SpaceRaiders/SpaceRaiders/Content/Core/PhysicalMaterials/PhysMat_CharHead.uasset" 69
"D:/Storage/Unreal Engine 4/Games/SpaceRaiders/SpaceRaiders/Content/Characters/Meshes/Junker/Male/SK_Chr_Crew_Male_01_PhysicsAsset.uasset" 70
"D:/Storage/Unreal Engine 4/Games/SpaceRaiders/SpaceRaiders/Content/Characters/Meshes/Zombie/SK_Character_Alien_Male_03.uasset" 71
"D:/Storage/Unreal Engine 4/Games/SpaceRaiders/SpaceRaiders/Content/Characters/Blueprints/Zombie/BP_Zombie.uasset" 72
"../../../Engine/Content/Functions/Engine_MaterialFunctions02/Utility/BlendAngleCorrectedNormals.uasset" 73
"../../../Engine/Content/Functions/MaterialLayerFunctions/MatLayerBlend_AO.uasset" 74
"../../../Engine/Content/Functions/MaterialLayerFunctions/MatLayerBlend_NormalBlend.uasset" 75
"../../../Engine/Content/Functions/MaterialLayerFunctions/MatLayerBlend_Simple.uasset" 76
"D:/Storage/Unreal Engine 4/Games/SpaceRaiders/SpaceRaiders/Content/Characters/Meshes/UE4_Mannequin/Materials/MaterialLayers/T_ML_Rubber_Blue_01_D.uasset" 77
"D:/Storage/Unreal Engine 4/Games/SpaceRaiders/SpaceRaiders/Content/Characters/Meshes/UE4_Mannequin/Materials/MaterialLayers/T_ML_Rubber_Blue_01_N.uasset" 78
"D:/Storage/Unreal Engine 4/Games/SpaceRaiders/SpaceRaiders/Content/Characters/Meshes/UE4_Mannequin/Materials/MaterialLayers/ML_GlossyBlack_Latex_UE4.uasset" 79
"D:/Storage/Unreal Engine 4/Games/SpaceRaiders/SpaceRaiders/Content/Characters/Meshes/UE4_Mannequin/Materials/MaterialLayers/ML_Plastic_Shiny_Beige.uasset" 80
"D:/Storage/Unreal Engine 4/Games/SpaceRaiders/SpaceRaiders/Content/Characters/Meshes/UE4_Mannequin/Textures/UE4_LOGO_CARD.uasset" 81
"D:/Storage/Unreal Engine 4/Games/SpaceRaiders/SpaceRaiders/Content/Characters/Meshes/UE4_Mannequin/Materials/MaterialLayers/ML_Plastic_Shiny_Beige_LOGO.uasset" 82
"D:/Storage/Unreal Engine 4/Games/SpaceRaiders/SpaceRaiders/Content/Characters/Meshes/UE4_Mannequin/Materials/MaterialLayers/T_ML_Aluminum01.uasset" 83
"D:/Storage/Unreal Engine 4/Games/SpaceRaiders/SpaceRaiders/Content/Characters/Meshes/UE4_Mannequin/Materials/MaterialLayers/T_ML_Aluminum01_N.uasset" 84
"D:/Storage/Unreal Engine 4/Games/SpaceRaiders/SpaceRaiders/Content/Characters/Meshes/UE4_Mannequin/Materials/MaterialLayers/ML_SoftMetal_UE4.uasset" 85
"D:/Storage/Unreal Engine 4/Games/SpaceRaiders/SpaceRaiders/Content/Characters/Meshes/UE4_Mannequin/Textures/UE4_Mannequin__normals.uasset" 86
"D:/Storage/Unreal Engine 4/Games/SpaceRaiders/SpaceRaiders/Content/Characters/Meshes/UE4_Mannequin/Textures/UE4_Mannequin_MAT_MASKA.uasset" 87
"D:/Storage/Unreal Engine 4/Games/SpaceRaiders/SpaceRaiders/Content/Characters/Meshes/UE4_Mannequin/Textures/UE4_Mannequin_occlusion_Mobile.uasset" 88
"D:/Storage/Unreal Engine 4/Games/SpaceRaiders/SpaceRaiders/Content/Characters/Meshes/UE4_Mannequin/Materials/M_UE4Man_Body.uasset" 89
"D:/Storage/Unreal Engine 4/Games/SpaceRaiders/SpaceRaiders/Content/Characters/Meshes/UE4_Mannequin/Textures/UE4Man_Logo_N.uasset" 90
"D:/Storage/Unreal Engine 4/Games/SpaceRaiders/SpaceRaiders/Content/Characters/Meshes/UE4_Mannequin/Materials/M_UE4Man_ChestLogo.uasset" 91
"D:/Storage/Unreal Engine 4/Games/SpaceRaiders/SpaceRaiders/Content/Core/PhysicalMaterials/PhysMat_CharCritical.uasset" 92
"D:/Storage/Unreal Engine 4/Games/SpaceRaiders/SpaceRaiders/Content/Characters/Meshes/UE4_Mannequin/Mesh/SK_Mannequin_PhysicsAsset.uasset" 93
"D:/Storage/Unreal Engine 4/Games/SpaceRaiders/SpaceRaiders/Content/Characters/Meshes/UE4_Mannequin/Mesh/UE4_Mannequin_Skeleton.uasset" 94
"D:/Storage/Unreal Engine 4/Games/SpaceRaiders/SpaceRaiders/Content/Characters/Meshes/UE4_Mannequin/Mesh/SK_Mannequin.uasset" 95
"D:/Storage/Unreal Engine 4/Games/SpaceRaiders/SpaceRaiders/Content/Environment/Particles/Dust/Png.uasset" 96
"D:/Storage/Unreal Engine 4/Games/SpaceRaiders/SpaceRaiders/Content/Environment/Particles/Dust/M_Dust.uasset" 97
"D:/Storage/Unreal Engine 4/Games/SpaceRaiders/SpaceRaiders/Content/Environment/Particles/Dust/P_DustVulkan1.uasset" 98
"D:/Storage/Unreal Engine 4/Games/SpaceRaiders/SpaceRaiders/Content/Environment/Particles/Dust/P_DustVulkan2.uasset" 99
"D:/Storage/Unreal Engine 4/Games/SpaceRaiders/SpaceRaiders/Content/Environment/Particles/Dust/P_DustVulkan3.uasset" 100
"D:/Storage/Unreal Engine 4/Games/SpaceRaiders/SpaceRaiders/Content/Levels/Prototype/Images/Discord_logo.uasset" 101
"../../../Engine/Content/EngineMaterials/DefaultDiffuse_TC_Masks.uasset" 102
"D:/Storage/Unreal Engine 4/Games/SpaceRaiders/SpaceRaiders/Content/Levels/Prototype/Materials/M_Floor.uasset" 103
"D:/Storage/Unreal Engine 4/Games/SpaceRaiders/SpaceRaiders/Content/Levels/Prototype/Materials/M_Floor_Orange_BSB.uasset" 104
"D:/Storage/Unreal Engine 4/Games/SpaceRaiders/SpaceRaiders/Content/Levels/Prototype/Materials/M_ShinyColour.uasset" 105
"D:/Storage/Unreal Engine 4/Games/SpaceRaiders/SpaceRaiders/Content/Levels/Prototype/Materials/M_ShinyColour_Inst.uasset" 106
"D:/Storage/Unreal Engine 4/Games/SpaceRaiders/SpaceRaiders/Content/Levels/Prototype/Materials/Flight/M_Floor_Orange9.uasset" 107
"../../../Engine/Content/EngineFonts/Faces/DroidSansFallback.uasset" 108
"../../../Engine/Content/EngineFonts/Faces/DroidSansMono.uasset" 109
"../../../Engine/Content/EngineFonts/DroidSansMono.uasset" 110
"D:/Storage/Unreal Engine 4/Games/SpaceRaiders/SpaceRaiders/Content/Levels/Prototype/UI/WBP_TL_1_1.uasset" 111
"D:/Storage/Unreal Engine 4/Games/SpaceRaiders/SpaceRaiders/Content/Levels/Prototype/UI/WBP_TL_1_2.uasset" 112
"D:/Storage/Unreal Engine 4/Games/SpaceRaiders/SpaceRaiders/Content/Weapons/Guns/GeneralAmmoPack/SM_Wep_Mag_Plasma_02.uasset" 113
"D:/Storage/Unreal Engine 4/Games/SpaceRaiders/SpaceRaiders/Content/Pickups/MySRPickup.uasset" 114
"D:/Storage/Unreal Engine 4/Games/SpaceRaiders/SpaceRaiders/Content/Sound/SFX/Character/FootSteps/Concrete/Concrete_Pivot_01.uasset" 115
"D:/Storage/Unreal Engine 4/Games/SpaceRaiders/SpaceRaiders/Content/Sound/SFX/Character/FootSteps/Concrete/Concrete_Pivot_02.uasset" 116
"D:/Storage/Unreal Engine 4/Games/SpaceRaiders/SpaceRaiders/Content/Sound/SFX/Character/FootSteps/Concrete/Concrete_Pivot_03.uasset" 117
"D:/Storage/Unreal Engine 4/Games/SpaceRaiders/SpaceRaiders/Content/Sound/SFX/Character/FootSteps/Concrete/Concrete_Pivot_04.uasset" 118
"D:/Storage/Unreal Engine 4/Games/SpaceRaiders/SpaceRaiders/Content/Sound/SFX/Character/FootSteps/Concrete/Concrete_Run_01.uasset" 119
"D:/Storage/Unreal Engine 4/Games/SpaceRaiders/SpaceRaiders/Content/Sound/SFX/Character/FootSteps/Concrete/Concrete_Run_02.uasset" 120
"D:/Storage/Unreal Engine 4/Games/SpaceRaiders/SpaceRaiders/Content/Sound/SFX/Character/FootSteps/Concrete/Concrete_Run_03.uasset" 121
"D:/Storage/Unreal Engine 4/Games/SpaceRaiders/SpaceRaiders/Content/Sound/SFX/Character/FootSteps/Concrete/Concrete_Run_04.uasset" 122
"D:/Storage/Unreal Engine 4/Games/SpaceRaiders/SpaceRaiders/Content/Sound/SFX/Character/FootSteps/Concrete/Concrete_Step_01.uasset" 123
"D:/Storage/Unreal Engine 4/Games/SpaceRaiders/SpaceRaiders/Content/Sound/SFX/Character/FootSteps/Concrete/Concrete_Step_02.uasset" 124
"D:/Storage/Unreal Engine 4/Games/SpaceRaiders/SpaceRaiders/Content/Sound/SFX/Character/FootSteps/Concrete/Concrete_Step_03.uasset" 125
"D:/Storage/Unreal Engine 4/Games/SpaceRaiders/SpaceRaiders/Content/Sound/SFX/Character/FootSteps/Concrete/Concrete_Walk_01.uasset" 126
"D:/Storage/Unreal Engine 4/Games/SpaceRaiders/SpaceRaiders/Content/Sound/SFX/Character/FootSteps/Concrete/Concrete_Walk_02.uasset" 127
"D:/Storage/Unreal Engine 4/Games/SpaceRaiders/SpaceRaiders/Content/Sound/SFX/Character/FootSteps/Concrete/Concrete_Walk_03.uasset" 128
"D:/Storage/Unreal Engine 4/Games/SpaceRaiders/SpaceRaiders/Content/Sound/SFX/Character/FootSteps/Concrete/Concrete_Walk_04.uasset" 129
"D:/Storage/Unreal Engine 4/Games/SpaceRaiders/SpaceRaiders/Content/Sound/SFX/Character/FootSteps/Concrete/Concrete_Walk_05.uasset" 130
"D:/Storage/Unreal Engine 4/Games/SpaceRaiders/SpaceRaiders/Content/TrainingGround/M_Blue1.uasset" 131
"D:/Storage/Unreal Engine 4/Games/SpaceRaiders/SpaceRaiders/Content/TrainingGround/M_RedBot1.uasset" 132
"D:/Storage/Unreal Engine 4/Games/SpaceRaiders/SpaceRaiders/Content/Core/PhysicalMaterials/PhysMat_MetalDefault.uasset" 133
"D:/Storage/Unreal Engine 4/Games/SpaceRaiders/SpaceRaiders/Content/Master/Texture/Space/T_PolygonSciFiSpace_01_A.uasset" 134
"D:/Storage/Unreal Engine 4/Games/SpaceRaiders/SpaceRaiders/Content/Master/Texture/Space/T_PolygonSciFiSpace_Emissive_01.uasset" 135
"D:/Storage/Unreal Engine 4/Games/SpaceRaiders/SpaceRaiders/Content/Master/Material/Space/MAT_PolygonSciFiSpace_01_A.uasset" 136
"D:/Storage/Unreal Engine 4/Games/SpaceRaiders/SpaceRaiders/Content/TrainingGround/SM_Veh_Drone_Repair_01.uasset" 137
"D:/Storage/Unreal Engine 4/Games/SpaceRaiders/SpaceRaiders/Content/Vehicles/SpaceShips/Vulkan/Effects/MAT_FlightRibbon.uasset" 138
"D:/Storage/Unreal Engine 4/Games/SpaceRaiders/SpaceRaiders/Content/Vehicles/SpaceShips/Vulkan/Effects/PS_V_SS_VulkanFlightRibbon.uasset" 139
"D:/Storage/Unreal Engine 4/Games/SpaceRaiders/SpaceRaiders/Content/Weapons/Guns/GeneralAmmoPack/SM_Wep_Mag_Plasma_01.uasset" 140
"D:/Storage/Unreal Engine 4/Games/SpaceRaiders/SpaceRaiders/Content/Weapons/Guns/Pistols/Starter/Icons/StarterPistol_Icon.uasset" 141
"D:/Storage/Unreal Engine 4/Games/SpaceRaiders/SpaceRaiders/Content/Weapons/Guns/Pistols/Starter/Icons/Texture_SK_Wep_Pistol_01.uasset" 142
"D:/Storage/Unreal Engine 4/Games/SpaceRaiders/SpaceRaiders/Content/Weapons/Guns/Pistols/Starter/Sound/Fire/Wav/SFX_PulseRifleBurst_SingleShot_01.uasset" 143
"D:/Storage/Unreal Engine 4/Games/SpaceRaiders/SpaceRaiders/Content/Weapons/Guns/Pistols/Starter/Sound/Fire/Wav/SFX_PulseRifleBurst_SingleShot_02.uasset" 144
"D:/Storage/Unreal Engine 4/Games/SpaceRaiders/SpaceRaiders/Content/Weapons/Guns/Pistols/Starter/Sound/Fire/Wav/SFX_PulseRifleBurst_SingleShot_03.uasset" 145
"D:/Storage/Unreal Engine 4/Games/SpaceRaiders/SpaceRaiders/Content/Weapons/Guns/Pistols/Starter/Sound/Fire/Wav/SFX_PulseRifleBurst_SingleShot_04.uasset" 146
"D:/Storage/Unreal Engine 4/Games/SpaceRaiders/SpaceRaiders/Content/Weapons/Guns/Pistols/Starter/Sound/Fire/Wav/SFX_PulseRifleBurst_SingleShot_05.uasset" 147
"D:/Storage/Unreal Engine 4/Games/SpaceRaiders/SpaceRaiders/Content/Weapons/Guns/Pistols/VTol/Sound/Wav/SFX_PlasmaSGun_SingleShot_01.uasset" 148
"D:/Storage/Unreal Engine 4/Games/SpaceRaiders/SpaceRaiders/Content/Weapons/Guns/Pistols/VTol/Sound/Wav/SFX_PlasmaSGun_SingleShot_02.uasset" 149
"D:/Storage/Unreal Engine 4/Games/SpaceRaiders/SpaceRaiders/Content/Weapons/Guns/Pistols/VTol/Sound/Wav/SFX_PlasmaSGun_SingleShot_03.uasset" 150
"D:/Storage/Unreal Engine 4/Games/SpaceRaiders/SpaceRaiders/Content/Weapons/Guns/Pistols/VTol/Sound/Wav/SFX_PlasmaSGun_SingleShot_04.uasset" 151
"D:/Storage/Unreal Engine 4/Games/SpaceRaiders/SpaceRaiders/Content/Weapons/WeaponEffects/BloodImpact/clouds_dust_detail_01.uasset" 152
"D:/Storage/Unreal Engine 4/Games/SpaceRaiders/SpaceRaiders/Content/Weapons/WeaponEffects/BloodImpact/M_blood_cloud_01.uasset" 153
"D:/Storage/Unreal Engine 4/Games/SpaceRaiders/SpaceRaiders/Content/Weapons/WeaponEffects/BloodImpact/T_BloodSplatter_Frames01.uasset" 154
"D:/Storage/Unreal Engine 4/Games/SpaceRaiders/SpaceRaiders/Content/Weapons/WeaponEffects/BloodImpact/M_blood_splash_01.uasset" 155
"D:/Storage/Unreal Engine 4/Games/SpaceRaiders/SpaceRaiders/Content/Weapons/WeaponEffects/BloodImpact/T_BloodSplat_03_SubUV.uasset" 156
"D:/Storage/Unreal Engine 4/Games/SpaceRaiders/SpaceRaiders/Content/Weapons/WeaponEffects/BloodImpact/M_blood_splash_03.uasset" 157
"D:/Storage/Unreal Engine 4/Games/SpaceRaiders/SpaceRaiders/Content/Weapons/WeaponEffects/BloodImpact/P_blood_splash_02.uasset" 158
"D:/Storage/Unreal Engine 4/Games/SpaceRaiders/SpaceRaiders/Content/Weapons/WeaponEffects/Explosion/M_Burst.uasset" 159
"D:/Storage/Unreal Engine 4/Games/SpaceRaiders/SpaceRaiders/Content/Weapons/WeaponEffects/Explosion/M_explosion_subUV.uasset" 160
"D:/Storage/Unreal Engine 4/Games/SpaceRaiders/SpaceRaiders/Content/Weapons/WeaponEffects/Explosion/m_flare_01.uasset" 161
"../../../Engine/Content/Functions/Engine_MaterialFunctions01/Gradient/RadialGradient.uasset" 162
"D:/Storage/Unreal Engine 4/Games/SpaceRaiders/SpaceRaiders/Content/Weapons/WeaponEffects/Explosion/M_radial_ramp.uasset" 163
"D:/Storage/Unreal Engine 4/Games/SpaceRaiders/SpaceRaiders/Content/Weapons/WeaponEffects/Explosion/M_smoke_subUV.uasset" 164
"D:/Storage/Unreal Engine 4/Games/SpaceRaiders/SpaceRaiders/Content/Weapons/WeaponEffects/Explosion/P_Explosion.uasset" 165
"D:/Storage/Unreal Engine 4/Games/SpaceRaiders/SpaceRaiders/Content/Weapons/WeaponEffects/Explosion/T_Burst_M.uasset" 166
"D:/Storage/Unreal Engine 4/Games/SpaceRaiders/SpaceRaiders/Content/Weapons/WeaponEffects/Explosion/T_Explosion_SubUV.uasset" 167
"D:/Storage/Unreal Engine 4/Games/SpaceRaiders/SpaceRaiders/Content/Weapons/WeaponEffects/Explosion/T_Smoke_SubUV.uasset" 168
"D:/Storage/Unreal Engine 4/Games/SpaceRaiders/SpaceRaiders/Content/Weapons/WeaponEffects/Explosion/T_Smoke_Tiled_D.uasset" 169
"D:/Storage/Unreal Engine 4/Games/SpaceRaiders/SpaceRaiders/Content/Weapons/WeaponEffects/Muzzle/MuzzleTwo_2048_6x6.uasset" 170
"D:/Storage/Unreal Engine 4/Games/SpaceRaiders/SpaceRaiders/Content/Weapons/WeaponEffects/Muzzle/MuzzleFlash_Master.uasset" 171
"D:/Storage/Unreal Engine 4/Games/SpaceRaiders/SpaceRaiders/Content/Weapons/WeaponEffects/Muzzle/MuzzleFlash_Master_Inst_2.uasset" 172
"D:/Storage/Unreal Engine 4/Games/SpaceRaiders/SpaceRaiders/Content/Weapons/WeaponEffects/Muzzle/MuzzleSmokeOne_1024_11x11.uasset" 173
"D:/Storage/Unreal Engine 4/Games/SpaceRaiders/SpaceRaiders/Content/Weapons/WeaponEffects/ShellEject/M_ShellEjectMetal.uasset" 174
"D:/Storage/Unreal Engine 4/Games/SpaceRaiders/SpaceRaiders/Content/Weapons/WeaponEffects/ShellEject/P_Rifle_ShellEject.uasset" 175
"D:/Storage/Unreal Engine 4/Games/SpaceRaiders/SpaceRaiders/Content/Weapons/WeaponEffects/ShellEject/SM_ShellEject.uasset" 176
"../../../Engine/Content/Animation/DefaultAnimCurveCompressionSettings.uasset" 177
"../../../Engine/Content/Functions/Engine_MaterialFunctions01/Opacity/CameraDepthFade.uasset" 178
"../../../Engine/Content/EngineMaterials/T_Default_Material_Grid_M.uasset" 179
"../../../Engine/Content/EngineMaterials/T_Default_Material_Grid_N.uasset" 180
"../../../Engine/Content/EngineMaterials/WorldGridMaterial.uasset" 181
"../../../Engine/Content/ArtTools/RenderToTexture/Meshes/S_1_Unit_Plane.uasset" 182
"../../../Engine/Content/EditorLandscapeResources/DataLayer.uasset" 183
"../../../Engine/Content/EditorMaterials/MAT_Groups_Toggle.uasset" 184
"../../../Engine/Content/EditorMaterials/MAT_Groups_Visibility.uasset" 185
"../../../Engine/Content/EditorMaterials/PreviewShadowIndicator.uasset" 186
"../../../Engine/Content/EditorMaterials/PreviewShadowIndicatorMaterial.uasset" 187
"../../../Engine/Content/EditorMaterials/MatineeGroups/MAT_ColorTrack.uasset" 188
"../../../Engine/Content/EditorMaterials/MatineeGroups/MAT_Groups_Anim.uasset" 189
"../../../Engine/Content/EditorMaterials/MatineeGroups/MAT_Groups_AudioMaster.uasset" 190
"../../../Engine/Content/EditorMaterials/MatineeGroups/MAT_Groups_Director.uasset" 191
"../../../Engine/Content/EditorMaterials/MatineeGroups/MAT_Groups_Event.uasset" 192
"../../../Engine/Content/EditorMaterials/MatineeGroups/MAT_Groups_Fade.uasset" 193
"../../../Engine/Content/EditorMaterials/MatineeGroups/MAT_Groups_Float.uasset" 194
"../../../Engine/Content/EditorMaterials/MatineeGroups/MAT_Groups_Move.uasset" 195
"../../../Engine/Content/EditorMaterials/MatineeGroups/MAT_Groups_Slomo.uasset" 196
"../../../Engine/Content/EditorMaterials/MatineeGroups/MAT_Groups_Sound.uasset" 197
"../../../Engine/Content/EditorMaterials/MatineeGroups/MAT_Groups_Vector.uasset" 198
"../../../Engine/Content/EditorMaterials/ParticleSystems/PSysThumbnail_NoImage.uasset" 199
"../../../Engine/Content/EditorMaterials/ParticleSystems/PSysThumbnail_OOD.uasset" 200
"../../../Engine/Content/EditorMaterials/Camera/CineMat.uasset" 201
"../../../Engine/Content/EditorMaterials/Camera/MI_CineMat_Rig.uasset" 202
"../../../Engine/Content/EditorMeshes/Camera/SM_CraneRig_Arm.uasset" 203
"../../../Engine/Content/EditorMeshes/Camera/SM_CraneRig_Base.uasset" 204
"../../../Engine/Content/EditorMeshes/Camera/SM_CraneRig_Body.uasset" 205
"../../../Engine/Content/EditorMeshes/Camera/SM_CraneRig_Mount.uasset" 206
"../../../Engine/Content/EditorMeshes/Camera/SM_RailRig_Mount.uasset" 207
"../../../Engine/Content/EditorMeshes/Camera/SM_RailRig_Track.uasset" 208
"../../../Engine/Content/EditorResources/BSPVertex.uasset" 209
"../../../Engine/Content/EditorResources/EmptyActor.uasset" 210
"../../../Engine/Content/EditorResources/S_Actor.uasset" 211
"../../../Engine/Content/EditorResources/S_Note.uasset" 212
"../../../Engine/Content/EditorResources/S_Solver.uasset" 213
"../../../Engine/Content/EditorResources/S_Trigger.uasset" 214
"../../../Engine/Content/EditorResources/LightIcons/S_LightError.uasset" 215
"../../../Engine/Content/EditorResources/SequenceRecorder/Countdown.uasset" 216
"../../../Engine/Content/EditorResources/SequenceRecorder/RecordingIndicator.uasset" 217
"../../../Engine/Content/EditorSounds/Notifications/CompileFailed.uasset" 218
"../../../Engine/Content/EditorSounds/Notifications/CompileFailed_Cue.uasset" 219
"../../../Engine/Content/EditorSounds/Notifications/CompileSuccess.uasset" 220
"../../../Engine/Content/EditorSounds/Notifications/CompileStart_Cue.uasset" 221
"../../../Engine/Content/EditorSounds/Notifications/CompileSuccess_Cue.uasset" 222
"../../../Engine/Content/EngineDamageTypes/DmgTypeBP_Environmental.uasset" 223
"../../../Engine/Content/EngineDebugMaterials/DebugEditorMaterial.uasset" 224
"../../../Engine/Content/EngineDebugMaterials/DebugMeshMaterial.uasset" 225
"../../../Engine/Content/EngineDebugMaterials/M_SimpleTranslucent.uasset" 226
"../../../Engine/Content/Functions/Engine_MaterialFunctions02/Utility/CameraDirectionVector.uasset" 227
"../../../Engine/Content/EngineDebugMaterials/VolumeToRender.uasset" 228
"../../../Engine/Content/EngineDebugMaterials/M_VolumeRenderSphereTracePP.uasset" 229
"../../../Engine/Content/EngineDebugMaterials/WireframeMaterial.uasset" 230
"../../../Engine/Content/EngineFonts/Faces/RobotoBold.uasset" 231
"../../../Engine/Content/EngineFonts/Faces/RobotoBoldItalic.uasset" 232
"../../../Engine/Content/EngineFonts/Faces/RobotoItalic.uasset" 233
"../../../Engine/Content/EngineFonts/Faces/RobotoLight.uasset" 234
"../../../Engine/Content/EngineFonts/Faces/RobotoRegular.uasset" 235
"../../../Engine/Content/EngineFonts/Roboto.uasset" 236
"../../../Engine/Content/EngineMaterials/BaseFlattenDiffuseMap.uasset" 237
"../../../Engine/Content/EngineMaterials/BaseFlattenEmissiveMap.uasset" 238
"../../../Engine/Content/EngineMaterials/BaseFlattenGrayscaleMap.uasset" 239
"../../../Engine/Content/EngineMaterials/BaseFlattenNormalMap.uasset" 240
"../../../Engine/Content/EngineMaterials/BaseFlattenMaterial.uasset" 241
"../../../Engine/Content/EngineMaterials/BlueNoise.uasset" 242
"../../../Engine/Content/EngineMaterials/DefaultBloomKernel.uasset" 243
"../../../Engine/Content/EngineMaterials/DefaultBokeh.uasset" 244
"../../../Engine/Content/EngineMaterials/DefaultDiffuse.uasset" 245
"../../../Engine/Content/EngineMaterials/DefaultDeferredDecalMaterial.uasset" 246
"../../../Engine/Content/EngineMaterials/DefaultLightFunctionMaterial.uasset" 247
"../../../Engine/Content/EngineMaterials/DefaultPhysicalMaterial.uasset" 248
"../../../Engine/Content/Functions/Engine_MaterialFunctions02/Utility/BreakOutFloat2Components.uasset" 249
"../../../Engine/Content/EngineMaterials/DefaultPostProcessMaterial.uasset" 250
"../../../Engine/Content/EngineFonts/RobotoDistanceField.uasset" 251
"../../../Engine/Content/EngineMaterials/DefaultTextMaterialOpaque.uasset" 252
"../../../Engine/Content/EngineMaterials/DefaultVirtualTextureMaterial.uasset" 253
"../../../Engine/Content/EngineMaterials/DefaultWhiteGrid.uasset" 254
"../../../Engine/Content/EngineMaterials/DefaultWhiteGrid_Low.uasset" 255
"../../../Engine/Content/EngineMaterials/EmissiveMeshMaterial.uasset" 256
"../../../Engine/Content/EngineMaterials/GizmoMaterial.uasset" 257
"../../../Engine/Content/EngineMaterials/Good64x64TilingNoiseHighFreq.uasset" 258
"../../../Engine/Content/EngineMaterials/HairDefaultMaterial.uasset" 259
"../../../Engine/Content/EngineMaterials/MiniFont.uasset" 260
"../../../Engine/Content/EngineMaterials/InvalidLightmapSettings.uasset" 261
"../../../Engine/Content/EngineMaterials/M_InvalidLightmapSettings.uasset" 262
"../../../Engine/Content/Functions/Engine_MaterialFunctions02/WorldPositionOffset/CameraOffset.uasset" 263
"../../../Engine/Content/EngineMaterials/PhAT_JointLimitMaterial.uasset" 264
"../../../Engine/Content/EngineMaterials/PreintegratedSkinBRDF.uasset" 265
"../../../Engine/Content/EngineMaterials/RemoveSurfaceMaterial.uasset" 266
"../../../Engine/Content/EngineMaterials/WeightMapPlaceholderTexture.uasset" 267
"../../../Engine/Content/EngineResources/WhiteSquareTexture.uasset" 268
"../../../Engine/Content/EngineMaterials/Widget3DPassThrough.uasset" 269
"../../../Engine/Content/EngineMaterials/Widget3DPassThrough_Masked.uasset" 270
"../../../Engine/Content/EngineMaterials/Widget3DPassThrough_Opaque.uasset" 271
"../../../Engine/Content/EngineMaterials/Widget3DPassThrough_Masked_OneSided.uasset" 272
"../../../Engine/Content/EngineMaterials/Widget3DPassThrough_Opaque_OneSided.uasset" 273
"../../../Engine/Content/EngineMaterials/Widget3DPassThrough_Translucent.uasset" 274
"../../../Engine/Content/EngineMaterials/Widget3DPassThrough_Translucent_OneSided.uasset" 275
"../../../Engine/Content/EngineMaterials/DefaultMaterial.uasset" 276
"../../../Engine/Content/EngineMeshes/Cylinder.uasset" 277
"../../../Engine/Content/EngineMeshes/Sphere.uasset" 278
"../../../Engine/Content/EngineResources/Black.uasset" 279
"../../../Engine/Content/EngineResources/DefaultTexture.uasset" 280
"../../../Engine/Content/EngineResources/DefaultTextureCube.uasset" 281
"../../../Engine/Content/EngineResources/DefaultVolumeTexture2D.uasset" 282
"../../../Engine/Content/EngineResources/DefaultVolumeTexture.uasset" 283
"../../../Engine/Content/EngineResources/GradientTexture0.uasset" 284
"../../../Engine/Content/EngineSounds/Master.uasset" 285
"../../../Engine/Content/Functions/Engine_MaterialFunctions01/Shading/ConvertFromDiffSpec.uasset" 286
"../../../Engine/Content/Functions/Engine_MaterialFunctions01/Shading/PowerToRoughness.uasset" 287
"../../../Engine/Content/Maps/Templates/Thumbnails/Default.uasset" 288
"../../../Engine/Content/Maps/Templates/Thumbnails/TimeOfDay.uasset" 289
"../../../Engine/Content/Maps/Templates/Thumbnails/VR-Basic.uasset" 290
"../../../Engine/Content/MobileResources/T_MobileControls_texture.uasset" 291
"../../../Engine/Content/MobileResources/T_MobileMenu2.uasset" 292
"../../../Engine/Content/MobileResources/HUD/AnalogHat.uasset" 293
"../../../Engine/Content/MobileResources/HUD/VirtualJoystick_Background.uasset" 294
"../../../Engine/Content/MobileResources/HUD/VirtualJoystick_Thumb.uasset" 295
"../../../Engine/Content/MobileResources/HUD/DefaultVirtualJoysticks.uasset" 296
"../../../Engine/Content/MobileResources/HUD/LeftVirtualJoystickOnly.uasset" 297
"../../../Engine/Content/MobileResources/HUD/MobileHUDButton1_off.uasset" 298
"../../../Engine/Content/MobileResources/HUD/MobileHUDButton1_on.uasset" 299
"../../../Engine/Content/MobileResources/HUD/MobileHUDButton2_off.uasset" 300
"../../../Engine/Content/MobileResources/HUD/MobileHUDButton2_on.uasset" 301
"../../../Engine/Content/MobileResources/HUD/MobileHUDButton3.uasset" 302
"../../../Engine/Content/MobileResources/HUD/MobileHUDButtonFire.uasset" 303
"../../../Engine/Content/MobileResources/HUD/MobileHUDDirectionPad.uasset" 304
"../../../Engine/Content/MobileResources/HUD/MobileHUDDirectionPad2.uasset" 305
"../../../Engine/Content/MobileResources/HUD/MobileHUDDirectionPad3.uasset" 306
"../../../Engine/Content/MobileResources/HUD/MobileHUDDirectionStick.uasset" 307
"../../../Engine/Content/MobileResources/HUD/T_Castle_ThumbstickInner.uasset" 308
"../../../Engine/Content/MobileResources/HUD/T_Castle_ThumbstickOutter.uasset" 309
"../../../Engine/Content/Tutorial/ContentIntroCurve.uasset" 310
"../../../Engine/Content/Tutorial/Basics/LevelEditorAttract.uasset" 311
"../../../Engine/Content/VREditor/LaserPointer/VR_LaserPower_01.uasset" 312
"../../../Engine/Content/VREditor/TransformGizmo/TransformGizmoMaterial.uasset" 313
"../../../Engine/Content/VREditor/TransformGizmo/TranslucentTransformGizmoMaterial.uasset" 314
"../../../Engine/Content/VREditor/TransformGizmo/BoundingBoxCorner.uasset" 315
"../../../Engine/Content/VREditor/TransformGizmo/BoundingBoxEdge.uasset" 316
"../../../Engine/Content/VREditor/TransformGizmo/PlaneTranslationHandle.uasset" 317
"../../../Engine/Content/VREditor/TransformGizmo/Main.uasset" 318
"../../../Engine/Content/VREditor/TransformGizmo/Xray.uasset" 319
"../../../Engine/Content/VREditor/TransformGizmo/SM_Sequencer_Key.uasset" 320
"../../../Engine/Content/VREditor/TransformGizmo/SM_Sequencer_Node.uasset" 321
"../../Plugins/2D/Paper2D/Content/PlaceholderTextures/DummySpriteTexture.uasset" 322
"../../Plugins/2D/Paper2D/Content/DummySprite.uasset" 323
"../../Plugins/2D/Paper2D/Content/DefaultPaperTerrainMaterial.uasset" 324
"../../Plugins/2D/Paper2D/Content/DummySpriteTexture.uasset" 325
"../../Plugins/2D/Paper2D/Content/DefaultSpriteMaterial.uasset" 326
"../../Plugins/2D/Paper2D/Content/MaskedUnlitSpriteMaterial.uasset" 327
"../../Plugins/2D/Paper2D/Content/OpaqueUnlitSpriteMaterial.uasset" 328
"../../../Engine/Content/Functions/Engine_MaterialFunctions02/Utility/BreakOutFloat4Components.uasset" 329
"../../../Engine/Content/Functions/Engine_MaterialFunctions02/Utility/MakeFloat2.uasset" 330
"../../../Engine/Content/Functions/Engine_MaterialFunctions02/Utility/MakeFloat3.uasset" 331
"../../Plugins/Runtime/Oculus/OculusVR/Content/Materials/OculusMR_ChromaKey.uasset" 332
"../../Plugins/Runtime/Oculus/OculusVR/Content/Materials/OculusMR_ChromaKey_Lit.uasset" 333
"../../Plugins/Runtime/Oculus/OculusVR/Content/Materials/OculusMR_OpaqueColoredMaterial.uasset" 334
"../../Plugins/Runtime/Oculus/OculusVR/Content/Materials/OculusMR_WhiteMaterial.uasset" 335
"D:/Storage/Unreal Engine 4/Games/SpaceRaiders/SpaceRaiders/Content/Characters/Animations/Armed/Pistol/Crouch/Armed_Pistol_Crouch_Aim_Idle.uasset" 336
"D:/Storage/Unreal Engine 4/Games/SpaceRaiders/SpaceRaiders/Content/Characters/Animations/Armed/Pistol/Crouch/Aim/Armed_Pistol_Crouch_Aiming_Locomotion_C0.uasset" 337
"D:/Storage/Unreal Engine 4/Games/SpaceRaiders/SpaceRaiders/Content/Characters/Animations/Armed/Pistol/Crouch/Aim/Armed_Pistol_Crouch_Aiming_Locomotion_D90.uasset" 338
"D:/Storage/Unreal Engine 4/Games/SpaceRaiders/SpaceRaiders/Content/Characters/Animations/Armed/Pistol/Crouch/Aim/Armed_Pistol_Crouch_Aiming_Locomotion_L90.uasset" 339
"D:/Storage/Unreal Engine 4/Games/SpaceRaiders/SpaceRaiders/Content/Characters/Animations/Armed/Pistol/Crouch/Aim/Armed_Pistol_Crouch_Aiming_Locomotion_R90.uasset" 340
"D:/Storage/Unreal Engine 4/Games/SpaceRaiders/SpaceRaiders/Content/Characters/Animations/Armed/Pistol/Crouch/Aim/Armed_Pistol_Crouch_Aiming_Locomotion_U90.uasset" 341
"D:/Storage/Unreal Engine 4/Games/SpaceRaiders/SpaceRaiders/Content/Characters/Animations/Armed/Pistol/Crouch/AimOffset_Armed_Pistol_Crouch.uasset" 342
"D:/Storage/Unreal Engine 4/Games/SpaceRaiders/SpaceRaiders/Content/Characters/Animations/Armed/Pistol/Standing/Armed_Pistol_Standing_Aim_Idle.uasset" 343
"D:/Storage/Unreal Engine 4/Games/SpaceRaiders/SpaceRaiders/Content/Characters/Animations/Armed/Pistol/Standing/Aim/Armed_Pistol_Standing_Aiming_Locomotion_C0.uasset" 344
"D:/Storage/Unreal Engine 4/Games/SpaceRaiders/SpaceRaiders/Content/Characters/Animations/Armed/Pistol/Standing/Aim/Armed_Pistol_Standing_Aiming_Locomotion_D90.uasset" 345
"D:/Storage/Unreal Engine 4/Games/SpaceRaiders/SpaceRaiders/Content/Characters/Animations/Armed/Pistol/Standing/Aim/Armed_Pistol_Standing_Aiming_Locomotion_L90.uasset" 346
"D:/Storage/Unreal Engine 4/Games/SpaceRaiders/SpaceRaiders/Content/Characters/Animations/Armed/Pistol/Standing/Aim/Armed_Pistol_Standing_Aiming_Locomotion_R90.uasset" 347
"D:/Storage/Unreal Engine 4/Games/SpaceRaiders/SpaceRaiders/Content/Characters/Animations/Armed/Pistol/Standing/Aim/Armed_Pistol_Standing_Aiming_Locomotion_U90.uasset" 348
"D:/Storage/Unreal Engine 4/Games/SpaceRaiders/SpaceRaiders/Content/Characters/Animations/Armed/Pistol/Standing/AimOffset_Armed_Pistol_Standing.uasset" 349
"D:/Storage/Unreal Engine 4/Games/SpaceRaiders/SpaceRaiders/Content/Characters/Animations/Armed/Pistol/Crouch/Armed_Pistol_Crouch_UnAim_Idle.uasset" 350
"D:/Storage/Unreal Engine 4/Games/SpaceRaiders/SpaceRaiders/Content/Characters/Animations/Armed/Pistol/Standing/Armed_Pistol_Standing_UnAiming_Idle.uasset" 351
"D:/Storage/Unreal Engine 4/Games/SpaceRaiders/SpaceRaiders/Content/Characters/Animations/Death/Death_3.uasset" 352
"D:/Storage/Unreal Engine 4/Games/SpaceRaiders/SpaceRaiders/Content/Characters/Animations/InAir/Stand_InAir_Fall_Loop.uasset" 353
"D:/Storage/Unreal Engine 4/Games/SpaceRaiders/SpaceRaiders/Content/Characters/Animations/InAir/Stand_InAir_Flail.uasset" 354
"D:/Storage/Unreal Engine 4/Games/SpaceRaiders/SpaceRaiders/Content/Characters/Animations/InAir/Stand_InAir_Jump.uasset" 355
"D:/Storage/Unreal Engine 4/Games/SpaceRaiders/SpaceRaiders/Content/Characters/Animations/InAir/Stand_InAir_RollLand.uasset" 356
"D:/Storage/Unreal Engine 4/Games/SpaceRaiders/SpaceRaiders/Content/Characters/Animations/InAir/Stand_InAir_RollLandEdited1.uasset" 357
"D:/Storage/Unreal Engine 4/Games/SpaceRaiders/SpaceRaiders/Content/Characters/Animations/InAir/Stand_InAir_RunJump1.uasset" 358
"D:/Storage/Unreal Engine 4/Games/SpaceRaiders/SpaceRaiders/Content/Characters/Animations/InAir/Stand_InAir_SoftLand.uasset" 359
"D:/Storage/Unreal Engine 4/Games/SpaceRaiders/SpaceRaiders/Content/Characters/Animations/Unarmed/Crouch/Unarmed_Crouch_Walk_Idle.uasset" 360
"D:/Storage/Unreal Engine 4/Games/SpaceRaiders/SpaceRaiders/Content/Characters/Animations/Unarmed/PowerSlide/Stand_PowerSlide.uasset" 361
"D:/Storage/Unreal Engine 4/Games/SpaceRaiders/SpaceRaiders/Content/Characters/Animations/Unarmed/PowerSlide/Stand_PowerSlide_End.uasset" 362
"D:/Storage/Unreal Engine 4/Games/SpaceRaiders/SpaceRaiders/Content/Characters/Animations/Unarmed/PowerSlide/Stand_PowerSlide_Loop.uasset" 363
"D:/Storage/Unreal Engine 4/Games/SpaceRaiders/SpaceRaiders/Content/Characters/Animations/Unarmed/PowerSlide/Stand_PowerSlide_Start.uasset" 364
"D:/Storage/Unreal Engine 4/Games/SpaceRaiders/SpaceRaiders/Content/Characters/Animations/Armed/Pistol/Standing/Walking/Stand_Walk_B.uasset" 365
"D:/Storage/Unreal Engine 4/Games/SpaceRaiders/SpaceRaiders/Content/Characters/Animations/Armed/Pistol/Standing/Walking/Stand_Walk_F.uasset" 366
"D:/Storage/Unreal Engine 4/Games/SpaceRaiders/SpaceRaiders/Content/Characters/Animations/Armed/Pistol/Standing/Walking/Stand_Walk_FL.uasset" 367
"D:/Storage/Unreal Engine 4/Games/SpaceRaiders/SpaceRaiders/Content/Characters/Animations/Armed/Pistol/Standing/Walking/Stand_Walk_FR.uasset" 368
"D:/Storage/Unreal Engine 4/Games/SpaceRaiders/SpaceRaiders/Content/Characters/Animations/Armed/Pistol/Standing/Walking/Stand_Walk_LB.uasset" 369
"D:/Storage/Unreal Engine 4/Games/SpaceRaiders/SpaceRaiders/Content/Characters/Animations/Armed/Pistol/Standing/Walking/Stand_Walk_RB.uasset" 370
"D:/Storage/Unreal Engine 4/Games/SpaceRaiders/SpaceRaiders/Content/Characters/Animations/Armed/Pistol/Standing/Walking/BS_Armed_Walking.uasset" 371
"D:/Storage/Unreal Engine 4/Games/SpaceRaiders/SpaceRaiders/Content/Characters/Animations/Unarmed/Crouch/Unarmed_Crouch_Walk_F.uasset" 372
"D:/Storage/Unreal Engine 4/Games/SpaceRaiders/SpaceRaiders/Content/Characters/Animations/Unarmed/Crouch/Unarmed_Crouch_Walk_L.uasset" 373
"D:/Storage/Unreal Engine 4/Games/SpaceRaiders/SpaceRaiders/Content/Characters/Animations/Unarmed/Crouch/Unarmed_Crouch_Walk_L_New.uasset" 374
"D:/Storage/Unreal Engine 4/Games/SpaceRaiders/SpaceRaiders/Content/Characters/Animations/Unarmed/Crouch/Unarmed_Crouch_Walk_R.uasset" 375
"D:/Storage/Unreal Engine 4/Games/SpaceRaiders/SpaceRaiders/Content/Characters/Animations/Unarmed/Crouch/Unarmed_Crouch_Walk_R_New.uasset" 376
"D:/Storage/Unreal Engine 4/Games/SpaceRaiders/SpaceRaiders/Content/Characters/Animations/Unarmed/Crouch/Unarmed_Unarmed_Crouch_Walk_B.uasset" 377
"D:/Storage/Unreal Engine 4/Games/SpaceRaiders/SpaceRaiders/Content/Characters/Animations/Unarmed/Crouch/BS_Unarmed_Crouch.uasset" 378
"D:/Storage/Unreal Engine 4/Games/SpaceRaiders/SpaceRaiders/Content/Characters/Animations/Unarmed/Stand/Jog/BS_Unarmed_JogRun.uasset" 379
"D:/Storage/Unreal Engine 4/Games/SpaceRaiders/SpaceRaiders/Content/Characters/Blueprints/AnimBp_Character.uasset" 380
"D:/Storage/Unreal Engine 4/Games/SpaceRaiders/SpaceRaiders/Content/Characters/Blueprints/HumanAi/AIComponents/BB_AdvancedAI.uasset" 381
"D:/Storage/Unreal Engine 4/Games/SpaceRaiders/SpaceRaiders/Content/Characters/Blueprints/HumanAi/AIComponents/Decorators/BTD_AmmoChecker.uasset" 382
"D:/Storage/Unreal Engine 4/Games/SpaceRaiders/SpaceRaiders/Content/Characters/Blueprints/HumanAi/AIComponents/Decorators/BTD_AmmoCountSetter.uasset" 383
"D:/Storage/Unreal Engine 4/Games/SpaceRaiders/SpaceRaiders/Content/Characters/Blueprints/HumanAi/AIComponents/Decorators/BTD_CheckBelowHealth.uasset" 384
"D:/Storage/Unreal Engine 4/Games/SpaceRaiders/SpaceRaiders/Content/Characters/Blueprints/HumanAi/AIComponents/Decorators/BTD_DistanceTo.uasset" 385
"D:/Storage/Unreal Engine 4/Games/SpaceRaiders/SpaceRaiders/Content/Characters/Blueprints/HumanAi/AIComponents/Decorators/BTD_IsLastKnownLocationSet.uasset" 386
"D:/Storage/Unreal Engine 4/Games/SpaceRaiders/SpaceRaiders/Content/Characters/Animations/Armed/Pistol/Holstering/Stand_Holster_Pistol.uasset" 387
"D:/Storage/Unreal Engine 4/Games/SpaceRaiders/SpaceRaiders/Content/Characters/Animations/Armed/Pistol/Holstering/Standing_HolsterPistol.uasset" 388
"D:/Storage/Unreal Engine 4/Games/SpaceRaiders/SpaceRaiders/Content/Characters/Animations/Armed/Pistol/Standing/Armed_Pistol_Standing_Aim_Fire_Single.uasset" 389
"D:/Storage/Unreal Engine 4/Games/SpaceRaiders/SpaceRaiders/Content/Characters/Animations/Armed/Pistol/Standing/Armed_Pistol_Standing_Aim_Fire_Single_Shortened.uasset" 390
"D:/Storage/Unreal Engine 4/Games/SpaceRaiders/SpaceRaiders/Content/Characters/Animations/Armed/Pistol/Montage/AM_Armed_Crouching_Pistol_Fire.uasset" 391
"D:/Storage/Unreal Engine 4/Games/SpaceRaiders/SpaceRaiders/Content/Characters/Animations/Armed/Pistol/Montage/AM_Armed_Standing_Pistol_Fire.uasset" 392
"D:/Storage/Unreal Engine 4/Games/SpaceRaiders/SpaceRaiders/Content/Characters/Animations/Armed/Pistol/General/Reload_Pistol.uasset" 393
"D:/Storage/Unreal Engine 4/Games/SpaceRaiders/SpaceRaiders/Content/Characters/Animations/Armed/Pistol/Montage/AM_Reload_StarterPistol.uasset" 394
"D:/Storage/Unreal Engine 4/Games/SpaceRaiders/SpaceRaiders/Content/Characters/Animations/Unarmed/Stand/PickUp/Stand_PickUp_Gun_LowHeight_Left.uasset" 395
"D:/Storage/Unreal Engine 4/Games/SpaceRaiders/SpaceRaiders/Content/Characters/Animations/Unarmed/Stand/PickUp/AM_Stand_PickUp_Gun_LowHeight_L.uasset" 396
"D:/Storage/Unreal Engine 4/Games/SpaceRaiders/SpaceRaiders/Content/Characters/Animations/Unarmed/Stand/PickUp/Stand_PickUp_Gun_LowHeight.uasset" 397
"D:/Storage/Unreal Engine 4/Games/SpaceRaiders/SpaceRaiders/Content/Characters/Animations/Unarmed/Stand/PickUp/AM_Stand_PickUp_Gun_LowHeight_R.uasset" 398
"D:/Storage/Unreal Engine 4/Games/SpaceRaiders/SpaceRaiders/Content/Weapons/Guns/Pistols/Starter/Blueprints/CSBP_StarterGun_Fire.uasset" 399
"D:/Storage/Unreal Engine 4/Games/SpaceRaiders/SpaceRaiders/Content/Weapons/Guns/Pistols/Starter/Icons/Texture_SK_Wep_Pistol_02.uasset" 400
"D:/Storage/Unreal Engine 4/Games/SpaceRaiders/SpaceRaiders/Content/Weapons/Textures/T_PolygonSciFiSpace_01_A.uasset" 401
"D:/Storage/Unreal Engine 4/Games/SpaceRaiders/SpaceRaiders/Content/Weapons/Textures/T_PolygonSciFiSpace_Emissive_01.uasset" 402
"D:/Storage/Unreal Engine 4/Games/SpaceRaiders/SpaceRaiders/Content/Weapons/Materials/MAT_PolygonSciFiSpace_01_A.uasset" 403
"D:/Storage/Unreal Engine 4/Games/SpaceRaiders/SpaceRaiders/Content/Weapons/Guns/Pistols/Starter/Meshes/SK_Wep_Pistol_01_PhysicsAsset.uasset" 404
"D:/Storage/Unreal Engine 4/Games/SpaceRaiders/SpaceRaiders/Content/Weapons/Guns/Pistols/Starter/Meshes/SK_Wep_Pistol_01_Skeleton.uasset" 405
"D:/Storage/Unreal Engine 4/Games/SpaceRaiders/SpaceRaiders/Content/Weapons/Guns/Pistols/Starter/Meshes/SK_Wep_Pistol_01.uasset" 406
"D:/Storage/Unreal Engine 4/Games/SpaceRaiders/SpaceRaiders/Content/Weapons/Guns/Pistols/Starter/Sound/Fire/Cue/SFX_PulseRifleBurst_SingleShots_Player_Cue.uasset" 407
"D:/Storage/Unreal Engine 4/Games/SpaceRaiders/SpaceRaiders/Content/Weapons/WeaponEffects/BasicTracer/Beam.uasset" 408
"D:/Storage/Unreal Engine 4/Games/SpaceRaiders/SpaceRaiders/Content/Weapons/WeaponEffects/BasicTracer/M_Beam1.uasset" 409
"D:/Storage/Unreal Engine 4/Games/SpaceRaiders/SpaceRaiders/Content/Weapons/WeaponEffects/BasicTracer/P_SmokeTrail1.uasset" 410
"D:/Storage/Unreal Engine 4/Games/SpaceRaiders/SpaceRaiders/Content/Weapons/WeaponEffects/BloodImpact/P_blood_splash_03.uasset" 411
"D:/Storage/Unreal Engine 4/Games/SpaceRaiders/SpaceRaiders/Content/Weapons/WeaponEffects/GenericImpact/Flare_02.uasset" 412
"D:/Storage/Unreal Engine 4/Games/SpaceRaiders/SpaceRaiders/Content/Weapons/WeaponEffects/GenericImpact/M_LensFlare_02.uasset" 413
"D:/Storage/Unreal Engine 4/Games/SpaceRaiders/SpaceRaiders/Content/Weapons/WeaponEffects/GenericImpact/T_SparkCore_2X2.uasset" 414
"D:/Storage/Unreal Engine 4/Games/SpaceRaiders/SpaceRaiders/Content/Weapons/WeaponEffects/GenericImpact/M_spark_subUV.uasset" 415
"D:/Storage/Unreal Engine 4/Games/SpaceRaiders/SpaceRaiders/Content/Weapons/WeaponEffects/GenericImpact/P_RifleImpact.uasset" 416
"D:/Storage/Unreal Engine 4/Games/SpaceRaiders/SpaceRaiders/Content/Weapons/WeaponEffects/Muzzle/MuzzleFlash_Master_Inst.uasset" 417
"D:/Storage/Unreal Engine 4/Games/SpaceRaiders/SpaceRaiders/Content/Weapons/WeaponEffects/Muzzle/P_Muzzle_Large.uasset" 418
"D:/Storage/Unreal Engine 4/Games/SpaceRaiders/SpaceRaiders/Content/Weapons/Guns/Pistols/Starter/Blueprints/StarterGun.uasset" 419
"D:/Storage/Unreal Engine 4/Games/SpaceRaiders/SpaceRaiders/Content/Characters/Meshes/Player/SK_Chr_Alien_01.uasset" 420
"D:/Storage/Unreal Engine 4/Games/SpaceRaiders/SpaceRaiders/Content/Characters/UI/WBP_EquippedWeapon.uasset" 421
"D:/Storage/Unreal Engine 4/Games/SpaceRaiders/SpaceRaiders/Content/Characters/UI/WBP_HealthBar.uasset" 422
"D:/Storage/Unreal Engine 4/Games/SpaceRaiders/SpaceRaiders/Content/Weapons/Guns/Pistols/VTol/Icon/T_GunPortrait_VTol.uasset" 423
"D:/Storage/Unreal Engine 4/Games/SpaceRaiders/SpaceRaiders/Content/Characters/UI/WBP_HolsteredWeapon.uasset" 424
"D:/Storage/Unreal Engine 4/Games/SpaceRaiders/SpaceRaiders/Content/Characters/UI/WBP_Crosshair.uasset" 425
"D:/Storage/Unreal Engine 4/Games/SpaceRaiders/SpaceRaiders/Content/Environment/Particles/Dust/P_Dust.uasset" 426
"D:/Storage/Unreal Engine 4/Games/SpaceRaiders/SpaceRaiders/Content/Characters/Blueprints/BP_Character.uasset" 427
"D:/Storage/Unreal Engine 4/Games/SpaceRaiders/SpaceRaiders/Content/Characters/Blueprints/HumanAi/AIComponents/Service/BTS_SelectTargetActor.uasset" 428
"D:/Storage/Unreal Engine 4/Games/SpaceRaiders/SpaceRaiders/Content/Characters/Blueprints/HumanAi/AIComponents/Tasks/Task_GetLookNewLocation.uasset" 429
"D:/Storage/Unreal Engine 4/Games/SpaceRaiders/SpaceRaiders/Content/Characters/Blueprints/HumanAi/AIComponents/Tasks/Task_MovingRotationMode.uasset" 430
"D:/Storage/Unreal Engine 4/Games/SpaceRaiders/SpaceRaiders/Content/Characters/Blueprints/HumanAi/AIComponents/Tasks/Task_RandomLocaiton.uasset" 431
"D:/Storage/Unreal Engine 4/Games/SpaceRaiders/SpaceRaiders/Content/Characters/Blueprints/HumanAi/AIComponents/Tasks/Task_RotateFacingTargetVector.uasset" 432
"D:/Storage/Unreal Engine 4/Games/SpaceRaiders/SpaceRaiders/Content/Characters/Blueprints/HumanAi/AIComponents/Tasks/Task_SetLookForLocation.uasset" 433
"D:/Storage/Unreal Engine 4/Games/SpaceRaiders/SpaceRaiders/Content/Characters/Blueprints/HumanAi/AIComponents/Tasks/Task_ShootingRotationMode.uasset" 434
"D:/Storage/Unreal Engine 4/Games/SpaceRaiders/SpaceRaiders/Content/Characters/Blueprints/HumanAi/AIComponents/Tasks/Task_SlowRun.uasset" 435
"D:/Storage/Unreal Engine 4/Games/SpaceRaiders/SpaceRaiders/Content/Characters/Blueprints/HumanAi/AIComponents/Tasks/Task_StartRun.uasset" 436
"D:/Storage/Unreal Engine 4/Games/SpaceRaiders/SpaceRaiders/Content/Characters/Blueprints/HumanAi/AIComponents/Tasks/Task_StartShootTarget.uasset" 437
"D:/Storage/Unreal Engine 4/Games/SpaceRaiders/SpaceRaiders/Content/Characters/Blueprints/HumanAi/AIComponents/Tasks/Task_StopRun.uasset" 438
"D:/Storage/Unreal Engine 4/Games/SpaceRaiders/SpaceRaiders/Content/Characters/Blueprints/HumanAi/AIComponents/Tasks/Task_StopShootTarget.uasset" 439
"D:/Storage/Unreal Engine 4/Games/SpaceRaiders/SpaceRaiders/Content/Characters/Blueprints/HumanAi/AIComponents/EQContext/EQC_Player.uasset" 440
"D:/Storage/Unreal Engine 4/Games/SpaceRaiders/SpaceRaiders/Content/Characters/Blueprints/HumanAi/AIComponents/EQS/EQS_FindCover.uasset" 441
"D:/Storage/Unreal Engine 4/Games/SpaceRaiders/SpaceRaiders/Content/Characters/Blueprints/HumanAi/AIComponents/EQContext/EQC_TargetActor.uasset" 442
"D:/Storage/Unreal Engine 4/Games/SpaceRaiders/SpaceRaiders/Content/Characters/Blueprints/HumanAi/AIComponents/EQS/EQS_FindMoveTo.uasset" 443
"D:/Storage/Unreal Engine 4/Games/SpaceRaiders/SpaceRaiders/Content/Characters/Blueprints/HumanAi/AIComponents/EQS/EQS_FindNearestPlayer.uasset" 444
"D:/Storage/Unreal Engine 4/Games/SpaceRaiders/SpaceRaiders/Content/Characters/Blueprints/HumanAi/AIComponents/BT_AdvancedAI.uasset" 445
"D:/Storage/Unreal Engine 4/Games/SpaceRaiders/SpaceRaiders/Content/Weapons/Guns/Pistols/VTol/Blueprints/CSBP_VTol_Fire.uasset" 446
"D:/Storage/Unreal Engine 4/Games/SpaceRaiders/SpaceRaiders/Content/Weapons/Guns/Pistols/VTol/Meshes/SK_Wep_Pistol_01_PhysicsAsset.uasset" 447
"D:/Storage/Unreal Engine 4/Games/SpaceRaiders/SpaceRaiders/Content/Weapons/Guns/Pistols/VTol/Meshes/SK_Wep_Pistol_01_Skeleton.uasset" 448
"D:/Storage/Unreal Engine 4/Games/SpaceRaiders/SpaceRaiders/Content/Weapons/Guns/Pistols/VTol/Meshes/SK_Wep_Pistol_01.uasset" 449
"D:/Storage/Unreal Engine 4/Games/SpaceRaiders/SpaceRaiders/Content/Weapons/Guns/Pistols/VTol/Sound/Cue/SFX_PlasmaSGun_SingleShots_Player_Cue.uasset" 450
"D:/Storage/Unreal Engine 4/Games/SpaceRaiders/SpaceRaiders/Content/Weapons/WeaponEffects/BasicTracer/M_Beam.uasset" 451
"D:/Storage/Unreal Engine 4/Games/SpaceRaiders/SpaceRaiders/Content/Weapons/WeaponEffects/BasicTracer/P_SmokeTrail.uasset" 452
"D:/Storage/Unreal Engine 4/Games/SpaceRaiders/SpaceRaiders/Content/Weapons/WeaponEffects/BloodImpact/P_blood_splash_04.uasset" 453
"D:/Storage/Unreal Engine 4/Games/SpaceRaiders/SpaceRaiders/Content/Weapons/WeaponEffects/GenericImpact/P_PistolImpact.uasset" 454
"D:/Storage/Unreal Engine 4/Games/SpaceRaiders/SpaceRaiders/Content/Weapons/Guns/Pistols/VTol/Blueprints/VTol_Ai.uasset" 455
"D:/Storage/Unreal Engine 4/Games/SpaceRaiders/SpaceRaiders/Content/Characters/Meshes/Junker/Male/SKM_Char_Junker_Male_01.uasset" 456
"D:/Storage/Unreal Engine 4/Games/SpaceRaiders/SpaceRaiders/Content/Characters/Blueprints/HumanAi/BP_AdvancedAI.uasset" 457
"../../../Engine/Content/EngineSky/C_Sky_Cloud_Color.uasset" 458
"../../../Engine/Content/EngineSky/C_Sky_Horizon_Color.uasset" 459
"../../../Engine/Content/EngineSky/C_Sky_Zenith_Color.uasset" 460
"../../../Engine/Content/EngineSky/T_Sky_Blue.uasset" 461
"../../../Engine/Content/EngineSky/T_Sky_Clouds_M.uasset" 462
"../../../Engine/Content/EngineSky/T_Sky_Stars.uasset" 463
"../../../Engine/Content/EngineSky/M_Sky_Panning_Clouds2.uasset" 464
"../../../Engine/Content/EngineSky/SM_SkySphere.uasset" 465
"../../../Engine/Content/EngineSky/BP_Sky_Sphere.uasset" 466
"D:/Storage/Unreal Engine 4/Games/SpaceRaiders/SpaceRaiders/Content/Characters/Blueprints/BP_TargetDummy.uasset" 467
"D:/Storage/Unreal Engine 4/Games/SpaceRaiders/SpaceRaiders/Content/Weapons/Guns/Pistols/VTol/Blueprints/VTol.uasset" 468
"D:/Storage/Unreal Engine 4/Games/SpaceRaiders/SpaceRaiders/Content/Levels/Prototype/AIPrototype_BuiltData.uasset" 469
"../../../Engine/Content/BasicShapes/BasicShapeMaterial.uasset" 470
"D:/Storage/Unreal Engine 4/Games/SpaceRaiders/SpaceRaiders/Content/Levels/Prototype/Materials/M_Floor_Orange3.uasset" 471
"../../../Engine/Content/BasicShapes/Cube.uasset" 472
"../../../Engine/Content/BasicShapes/Plane.uasset" 473
"D:/Storage/Unreal Engine 4/Games/SpaceRaiders/SpaceRaiders/Content/Levels/Prototype/AIPrototype.umap" 474
"D:/Storage/Unreal Engine 4/Games/SpaceRaiders/SpaceRaiders/Content/TrainingGround/M_RedBot.uasset" 475
"../../../Engine/Content/EditorMeshes/SkeletalMesh/DefaultSkeletalMesh_Skeleton.uasset" 476
"../../../Engine/Content/EditorMeshes/SkeletalMesh/DefaultSkeletalMesh.uasset" 477
"D:/Storage/Unreal Engine 4/Games/SpaceRaiders/SpaceRaiders/Content/TrainingGround/AI_Bot.uasset" 478
"D:/Storage/Unreal Engine 4/Games/SpaceRaiders/SpaceRaiders/Content/Levels/Prototype/BIGCubeCreator1.uasset" 479
"D:/Storage/Unreal Engine 4/Games/SpaceRaiders/SpaceRaiders/Content/Levels/Prototype/CubeCreator.uasset" 480
"D:/Storage/Unreal Engine 4/Games/SpaceRaiders/SpaceRaiders/Content/Vehicles/SpaceShips/Vulkan/Effects/CS_Speed1.uasset" 481
"D:/Storage/Unreal Engine 4/Games/SpaceRaiders/SpaceRaiders/Content/Vehicles/SpaceShips/Vulkan/Effects/CS_Speed2.uasset" 482
"D:/Storage/Unreal Engine 4/Games/SpaceRaiders/SpaceRaiders/Content/Vehicles/SpaceShips/Vulkan/Effects/CS_Speed3.uasset" 483
"D:/Storage/Unreal Engine 4/Games/SpaceRaiders/SpaceRaiders/Content/Vehicles/SpaceShips/Vulkan/Materials/Mat_V_SS_Vulkan_Boost.uasset" 484
"D:/Storage/Unreal Engine 4/Games/SpaceRaiders/SpaceRaiders/Content/Vehicles/SpaceShips/Vulkan/Materials/MatInst_V_SS_Vulkan_Boost.uasset" 485
"D:/Storage/Unreal Engine 4/Games/SpaceRaiders/SpaceRaiders/Content/Vehicles/SpaceShips/Vulkan/Materials/Mat_V_SS_Vulkan_Thrust.uasset" 486
"D:/Storage/Unreal Engine 4/Games/SpaceRaiders/SpaceRaiders/Content/Vehicles/SpaceShips/Vulkan/Materials/MatInst_V_SS_Vulkan_Thrust.uasset" 487
"D:/Storage/Unreal Engine 4/Games/SpaceRaiders/SpaceRaiders/Content/Vehicles/SpaceShips/Vulkan/Mesh/PA_Vehicle_SpaceShip_Vulkan.uasset" 488
"D:/Storage/Unreal Engine 4/Games/SpaceRaiders/SpaceRaiders/Content/Vehicles/SpaceShips/Vulkan/Mesh/SK_Vehicle_SpaceShip_Vulkan.uasset" 489
"D:/Storage/Unreal Engine 4/Games/SpaceRaiders/SpaceRaiders/Content/Vehicles/SpaceShips/Vulkan/Mesh/SKM_Vehicle_SpaceShip_Vulkan.uasset" 490
"D:/Storage/Unreal Engine 4/Games/SpaceRaiders/SpaceRaiders/Content/Vehicles/SpaceShips/Vulkan/BPs/BP_Vehicle_SpaceShip_Vulkan.uasset" 491
"D:/Storage/Unreal Engine 4/Games/SpaceRaiders/SpaceRaiders/Content/Levels/Prototype/NewWorld_BuiltData.uasset" 492
"D:/Storage/Unreal Engine 4/Games/SpaceRaiders/SpaceRaiders/Content/Levels/Prototype/Materials/Flight/M_Floor_Orange91.uasset" 493
"D:/Storage/Unreal Engine 4/Games/SpaceRaiders/SpaceRaiders/Content/Levels/Prototype/Materials/M_Floor_Orange.uasset" 494
"D:/Storage/Unreal Engine 4/Games/SpaceRaiders/SpaceRaiders/Content/Levels/Prototype/Materials/M_Floor_Orange4.uasset" 495
"D:/Storage/Unreal Engine 4/Games/SpaceRaiders/SpaceRaiders/Content/Levels/Prototype/Materials/M_Floor_Orange5.uasset" 496
"D:/Storage/Unreal Engine 4/Games/SpaceRaiders/SpaceRaiders/Content/Levels/Prototype/Materials/M_Floor_Orange6.uasset" 497
"D:/Storage/Unreal Engine 4/Games/SpaceRaiders/SpaceRaiders/Content/Levels/Prototype/Materials/M_Floor_Orange7.uasset" 498
"D:/Storage/Unreal Engine 4/Games/SpaceRaiders/SpaceRaiders/Content/Levels/Prototype/Materials/M_Floor_Orange8.uasset" 499
"../../../Engine/Content/BasicShapes/Cone.uasset" 500
"../../../Engine/Content/BasicShapes/Cylinder.uasset" 501
"../../../Engine/Content/BasicShapes/Sphere.uasset" 502
"D:/Storage/Unreal Engine 4/Games/SpaceRaiders/SpaceRaiders/Content/Levels/Prototype/NewWorld.umap" 503
"D:/Storage/Unreal Engine 4/Games/SpaceRaiders/SpaceRaiders/Content/Core/GameMode/Test/Test.uasset" 504
"D:/Storage/Unreal Engine 4/Games/SpaceRaiders/SpaceRaiders/Content/Levels/Prototype/Prototype_BuiltData.uasset" 505
"D:/Storage/Unreal Engine 4/Games/SpaceRaiders/SpaceRaiders/Content/Levels/Prototype/Prototype.umap" 506
"D:/Storage/Unreal Engine 4/Games/SpaceRaiders/SpaceRaiders/Content/Levels/Prototype/WIPShowcases/WIPShowcase1_BuiltData.uasset" 507
"D:/Storage/Unreal Engine 4/Games/SpaceRaiders/SpaceRaiders/Content/Levels/Prototype/M_White.uasset" 508
"D:/Storage/Unreal Engine 4/Games/SpaceRaiders/SpaceRaiders/Content/Levels/Prototype/Materials/M_Floor_Grey.uasset" 509
"D:/Storage/Unreal Engine 4/Games/SpaceRaiders/SpaceRaiders/Content/Levels/Prototype/UI/WBP_TL_1_0.uasset" 510
"D:/Storage/Unreal Engine 4/Games/SpaceRaiders/SpaceRaiders/Content/Levels/Prototype/WIPShowcases/WIPShowcase1.umap" 511
"D:/Storage/Unreal Engine 4/Games/SpaceRaiders/SpaceRaiders/Content/Levels/Prototype/WIPShowcases/WIPShowcaseMessage_BuiltData.uasset" 512
"D:/Storage/Unreal Engine 4/Games/SpaceRaiders/SpaceRaiders/Content/Levels/Prototype/Materials/M_Floor_Orange1.uasset" 513
"D:/Storage/Unreal Engine 4/Games/SpaceRaiders/SpaceRaiders/Content/Levels/Prototype/Materials/M_Floor_Orange2.uasset" 514
"D:/Storage/Unreal Engine 4/Games/SpaceRaiders/SpaceRaiders/Content/Levels/Prototype/WIPShowcases/WIPShowcaseMessage.umap" 515
"../../../Engine/Content/Maps/Entry_BuiltData.uasset" 516
"../../../Engine/Content/Maps/Entry.umap" 517
